<?xml version="1.0" encoding="utf-8" standalone="no"?>
<test-run id="" name="" fullname="" testcasecount="2" result="" time="8.000" total="2" passed="1" failed="1" inconclusive="0" skipped="0" asserts="" run-date="" start-time="8.000"> 
</test-run>