<?xml version="1.0" encoding="utf-8" standalone="no"?>
<test-run id="2" name="mock-assembly.dll" fullname="D:\Dev\NUnit\nunit-3.0\work\bin\vs2008\Debug\mock-assembly.dll" testcasecount="25" result="Failed" time="0.154" total="18" passed="12" failed="2" inconclusive="1" skipped="3" asserts="2" run-date="2011-07-26" start-time="11:34:27">
  <test-suite type="Assembly" id="1036" name="mock-assembly.dll" fullname="D:\Dev\NUnit\nunit-3.0\work\bin\vs2008\Debug\mock-assembly.dll" testcasecount="25" result="Failed" time="0.154" total="18" passed="12" failed="2" inconclusive="1" skipped="3" asserts="2">
    <properties>
      <property name="_PID" value="11928" />
      <property name="_APPDOMAIN" value="test-domain-mock-assembly.dll" />
    </properties>
    <failure>
      <message><![CDATA[Child test failed]]></message>
    </failure>
    <test-suite type="TestFixture" id="1000" name="MockTestFixture" fullname="NUnit.Tests.Assemblies.MockTestFixture" testcasecount="11" result="Failed" time="0.119" total="10" passed="4" failed="2" inconclusive="1" skipped="3" asserts="0">
      <properties>
        <property name="Category" value="FixtureCategory" />
        <property name="Description" value="Fake Test Fixture" />
      </properties>
      <failure>
        <message><![CDATA[Child test failed]]></message>
      </failure>
  </test-suite>
</test-run>
