<?xml version="1.0" encoding="UTF-8" standalone="yes"?>
<test-run asserts="" failed="1" fullname="" id="" inconclusive="0" name="" passed="2" result="" run-date="" skipped="0" start-time="11:34:27" testcasecount="3" time="6.001" total="3">
	<test-suite asserts="2" failed="2" fullname="" id="1036" inconclusive="1" name="mock-assembly.dll" passed="12" result="Failed" skipped="3" testcasecount="25" time="0.154" total="18" type="Assembly">
		<test-case asserts="0" fullname="Unit.Tests.Assemblies.AUnit.FailingTest" id="" name="Custom" result="Passed" time=""></test-case>
		<test-case asserts="0" fullname="Unit.Tests.Assemblies.AUnit.FailingTest" id="" name="correct" result="Passed" time=""></test-case>
		<test-case asserts="0" fullname="Unit.Tests.Assemblies.AUnit.FailingTest" id="" name="incorrect" result="Failed" time=""></test-case>
	</test-suite>
</test-run>